<?xml version="1.0" encoding="UTF-8"?>
<!-- Generated by org.testng.reporters.JUnitReportReporter -->
<testsuite skipped="0" hostname="bimanb01-mac" name="com.guruEcommerce.qa.testcases.accountPageTest" tests="1" failures="0" timestamp="04 Mar 2020 13:50:35 GMT" time="5.263" errors="0">
  <testcase name="accountCreationSuccessMessageTest" time="5.263" classname="com.guruEcommerce.qa.testcases.accountPageTest"/>
</testsuite> <!-- com.guruEcommerce.qa.testcases.accountPageTest -->
