<?xml version="1.0" encoding="UTF-8"?>
<!-- Generated by org.testng.reporters.JUnitReportReporter -->
<testsuite skipped="0" hostname="bimanb01-mac" name="com.guruEcommerce.qa.testcases.loginPageTest" tests="1" failures="0" timestamp="03 Mar 2020 12:19:12 GMT" time="4.126" errors="0">
  <testcase name="logInPageTitleTest" time="4.126" classname="com.guruEcommerce.qa.testcases.loginPageTest"/>
</testsuite> <!-- com.guruEcommerce.qa.testcases.loginPageTest -->
