<?xml version="1.0" encoding="UTF-8"?>
<!-- Generated by org.testng.reporters.JUnitReportReporter -->
<testsuite skipped="0" hostname="bimanb01-mac" name="com.guruEcommerce.qa.testcases.compareProductPageTest" tests="4" failures="0" timestamp="05 Mar 2020 23:43:25 GMT" time="34.190" errors="0">
  <testcase name="verifyingDisplayedProducts" time="16.098" classname="com.guruEcommerce.qa.testcases.compareProductPageTest"/>
  <testcase name="comparingProductsPageTitleTest" time="6.099" classname="com.guruEcommerce.qa.testcases.compareProductPageTest"/>
  <testcase name="closingCompareProductPageTest" time="6.096" classname="com.guruEcommerce.qa.testcases.compareProductPageTest"/>
  <testcase name="productComparePageHeaderTest" time="5.897" classname="com.guruEcommerce.qa.testcases.compareProductPageTest"/>
</testsuite> <!-- com.guruEcommerce.qa.testcases.compareProductPageTest -->
