<?xml version="1.0" encoding="UTF-8"?>
<!-- Generated by org.testng.reporters.JUnitReportReporter -->
<testsuite skipped="0" hostname="bimanb01-mac" name="com.guruEcommerce.qa.testcases.homePageTest" tests="1" failures="0" timestamp="05 Mar 2020 23:43:25 GMT" time="4.656" errors="0">
  <testcase name="validateHomePageTitle" time="4.656" classname="com.guruEcommerce.qa.testcases.homePageTest"/>
</testsuite> <!-- com.guruEcommerce.qa.testcases.homePageTest -->
