<?xml version="1.0" encoding="UTF-8"?>
<!-- Generated by org.testng.reporters.JUnitReportReporter -->
<testsuite skipped="0" hostname="bimanb01-mac" name="com.guruEcommerce.qa.testcases.mobilePageTest" tests="4" failures="0" timestamp="05 Mar 2020 23:43:25 GMT" time="27.690" errors="0">
  <testcase name="validateCostReading" time="3.917" classname="com.guruEcommerce.qa.testcases.mobilePageTest"/>
  <testcase name="validateMobilePageTitleTest" time="4.005" classname="com.guruEcommerce.qa.testcases.mobilePageTest"/>
  <testcase name="validateSortItems" time="4.480" classname="com.guruEcommerce.qa.testcases.mobilePageTest"/>
  <testcase name="compareButtonDisplayTest" time="15.288" classname="com.guruEcommerce.qa.testcases.mobilePageTest"/>
</testsuite> <!-- com.guruEcommerce.qa.testcases.mobilePageTest -->
