<?xml version="1.0" encoding="UTF-8"?>
<!-- Generated by org.testng.reporters.JUnitReportReporter -->
<testsuite skipped="0" hostname="bimanb01-mac" name="com.guruEcommerce.qa.testcases.xperiaDetailPageTest" tests="3" failures="0" timestamp="05 Mar 2020 23:43:25 GMT" time="17.668" errors="0">
  <testcase name="validateXperiaProductName" time="5.894" classname="com.guruEcommerce.qa.testcases.xperiaDetailPageTest"/>
  <testcase name="validateShowPrice" time="5.818" classname="com.guruEcommerce.qa.testcases.xperiaDetailPageTest"/>
  <testcase name="validateXperiaDetailPageTitleTest" time="5.956" classname="com.guruEcommerce.qa.testcases.xperiaDetailPageTest"/>
</testsuite> <!-- com.guruEcommerce.qa.testcases.xperiaDetailPageTest -->
