<?xml version="1.0" encoding="UTF-8"?>
<!-- Generated by org.testng.reporters.JUnitReportReporter -->
<testsuite skipped="0" hostname="bimanb01-mac" name="com.guruEcommerce.qa.testcases.homePageTest" tests="1" failures="0" timestamp="08 Mar 2020 19:25:44 GMT" time="3.034" errors="0">
  <testcase name="validateHomePageTitle" time="3.034" classname="com.guruEcommerce.qa.testcases.homePageTest"/>
</testsuite> <!-- com.guruEcommerce.qa.testcases.homePageTest -->
