<?xml version="1.0" encoding="UTF-8"?>
<!-- Generated by org.testng.reporters.JUnitReportReporter -->
<testsuite skipped="0" hostname="bimanb01-mac" name="com.guruEcommerce.qa.testcases.loginPageTest" tests="1" failures="0" timestamp="08 Mar 2020 19:25:44 GMT" time="3.489" errors="0">
  <testcase name="logInPageTitleTest" time="3.489" classname="com.guruEcommerce.qa.testcases.loginPageTest"/>
</testsuite> <!-- com.guruEcommerce.qa.testcases.loginPageTest -->
