<?xml version="1.0" encoding="UTF-8"?>
<!-- Generated by org.testng.reporters.JUnitReportReporter -->
<testsuite skipped="0" hostname="bimanb01-mac" name="com.guruEcommerce.qa.testcases.mobilePageTest" tests="4" failures="0" timestamp="08 Mar 2020 19:25:44 GMT" time="27.710" errors="0">
  <testcase name="validateCostReading" time="4.002" classname="com.guruEcommerce.qa.testcases.mobilePageTest"/>
  <testcase name="validateMobilePageTitleTest" time="3.950" classname="com.guruEcommerce.qa.testcases.mobilePageTest"/>
  <testcase name="compareButtonDisplayTest" time="15.070" classname="com.guruEcommerce.qa.testcases.mobilePageTest"/>
  <testcase name="validateSortItems" time="4.688" classname="com.guruEcommerce.qa.testcases.mobilePageTest"/>
</testsuite> <!-- com.guruEcommerce.qa.testcases.mobilePageTest -->
