<?xml version="1.0" encoding="UTF-8"?>
<!-- Generated by org.testng.reporters.JUnitReportReporter -->
<testsuite skipped="0" hostname="bimanb01-mac" name="com.guruEcommerce.qa.testcases.compareProductPageTest" tests="4" failures="0" timestamp="08 Mar 2020 19:25:44 GMT" time="34.828" errors="0">
  <testcase name="closingCompareProductPageTest" time="6.144" classname="com.guruEcommerce.qa.testcases.compareProductPageTest"/>
  <testcase name="comparingProductsPageTitleTest" time="6.185" classname="com.guruEcommerce.qa.testcases.compareProductPageTest"/>
  <testcase name="productComparePageHeaderTest" time="6.119" classname="com.guruEcommerce.qa.testcases.compareProductPageTest"/>
  <testcase name="verifyingDisplayedProducts" time="16.380" classname="com.guruEcommerce.qa.testcases.compareProductPageTest"/>
</testsuite> <!-- com.guruEcommerce.qa.testcases.compareProductPageTest -->
