<?xml version="1.0" encoding="UTF-8"?>
<!-- Generated by org.testng.reporters.JUnitReportReporter -->
<testsuite skipped="0" hostname="bimanb01-mac" name="com.guruEcommerce.qa.testcases.registrationPageTest" tests="4" failures="0" timestamp="08 Mar 2020 19:25:44 GMT" time="19.486" errors="0">
  <testcase name="createNewAccountTest" time="4.978" classname="com.guruEcommerce.qa.testcases.registrationPageTest"/>
  <testcase name="createNewAccountTest" time="5.240" classname="com.guruEcommerce.qa.testcases.registrationPageTest"/>
  <testcase name="createNewAccountTest" time="4.991" classname="com.guruEcommerce.qa.testcases.registrationPageTest"/>
  <testcase name="registrationPageTitleTest" time="4.277" classname="com.guruEcommerce.qa.testcases.registrationPageTest"/>
</testsuite> <!-- com.guruEcommerce.qa.testcases.registrationPageTest -->
