<?xml version="1.0" encoding="UTF-8"?>
<!-- Generated by org.testng.reporters.JUnitReportReporter -->
<testsuite skipped="0" hostname="bimanb01-mac" name="com.guruEcommerce.qa.testcases.xperiaDetailPageTest" tests="3" failures="0" timestamp="08 Mar 2020 19:25:44 GMT" time="19.188" errors="0">
  <testcase name="validateShowPrice" time="6.301" classname="com.guruEcommerce.qa.testcases.xperiaDetailPageTest"/>
  <testcase name="validateXperiaDetailPageTitleTest" time="6.358" classname="com.guruEcommerce.qa.testcases.xperiaDetailPageTest"/>
  <testcase name="validateXperiaProductName" time="6.529" classname="com.guruEcommerce.qa.testcases.xperiaDetailPageTest"/>
</testsuite> <!-- com.guruEcommerce.qa.testcases.xperiaDetailPageTest -->
